Using pre-set license
Built from '2020.2/staging' branch; Version is '2020.2.3f1 (8ff31bc5bf5b) revision 9433883'; Using compiler version '192528614'; Build Type 'Release'
OS: 'Windows 10 Home; OS build 18363.1440; Version 1909; 64bit' Language: 'en' Physical Memory: 8001 MB
BatchMode: 1, IsHumanControllingUs: 0, StartBugReporterOnCrash: 0, Is64bit: 1, IsPro: 0

 COMMAND LINE ARGUMENTS:
C:\Program Files\Unity\Hub\Editor\2020.2.3f1\Editor\Unity.exe
-adb2
-batchMode
-noUpm
-name
AssetImportWorker0
-projectPath
C:/Users/kevin/OneDrive/Documents/College School Work/DGM 1610/Git/UVU_DGM1610_SPRING_2021/KC - Personal Project
-logFile
Logs/AssetImportWorker0.log
-srvPort
65471
Successfully changed project path to: C:/Users/kevin/OneDrive/Documents/College School Work/DGM 1610/Git/UVU_DGM1610_SPRING_2021/KC - Personal Project
C:/Users/kevin/OneDrive/Documents/College School Work/DGM 1610/Git/UVU_DGM1610_SPRING_2021/KC - Personal Project
Using Asset Import Pipeline V2.
Refreshing native plugins compatible for Editor in 24.49 ms, found 0 plugins.
Preloading 0 native plugins for Editor in 0.00 ms.
Initialize engine version: 2020.2.3f1 (8ff31bc5bf5b)
[Subsystems] Discovering subsystems at path C:/Program Files/Unity/Hub/Editor/2020.2.3f1/Editor/Data/Resources/UnitySubsystems
[Subsystems] Discovering subsystems at path C:/Users/kevin/OneDrive/Documents/College School Work/DGM 1610/Git/UVU_DGM1610_SPRING_2021/KC - Personal Project/Assets
GfxDevice: creating device client; threaded=0
Direct3D:
    Version:  Direct3D 11.0 [level 11.1]
    Renderer: NVIDIA GeForce GTX 1650 (ID=0x1f91)
    Vendor:   
    VRAM:     3962 MB
    Driver:   26.21.14.4193
Initialize mono
Mono path[0] = 'C:/Program Files/Unity/Hub/Editor/2020.2.3f1/Editor/Data/Managed'
Mono path[1] = 'C:/Program Files/Unity/Hub/Editor/2020.2.3f1/Editor/Data/MonoBleedingEdge/lib/mono/unityjit'
Mono config path = 'C:/Program Files/Unity/Hub/Editor/2020.2.3f1/Editor/Data/MonoBleedingEdge/etc'
Using monoOptions --debugger-agent=transport=dt_socket,embedding=1,server=y,suspend=n,address=127.0.0.1:56964
Begin MonoManager ReloadAssembly
Registering precompiled unity dll's ...
Register platform support module: C:/Program Files/Unity/Hub/Editor/2020.2.3f1/Editor/Data/PlaybackEngines/WindowsStandaloneSupport/UnityEditor.WindowsStandalone.Extensions.dll
Registered in 0.002766 seconds.
Native extension for WindowsStandalone target not found
Refreshing native plugins compatible for Editor in 29.29 ms, found 0 plugins.
Preloading 0 native plugins for Editor in 0.00 ms.
Invoked RoslynAnalysisRunner static constructor.
RoslynAnalysisRunner will not be running.
RoslynAnalysisRunner has terminated.
Mono: successfully reloaded assembly
- Completed reload, in  1.302 seconds
Platform modules already initialized, skipping
Registering precompiled user dll's ...
Registered in 0.000914 seconds.
Begin MonoManager ReloadAssembly
Native extension for WindowsStandalone target not found
Refreshing native plugins compatible for Editor in 0.23 ms, found 0 plugins.
Preloading 0 native plugins for Editor in 0.00 ms.
Invoked RoslynAnalysisRunner static constructor.
RoslynAnalysisRunner will not be running.
RoslynAnalysisRunner has terminated.
Mono: successfully reloaded assembly
- Completed reload, in  0.930 seconds
Platform modules already initialized, skipping
========================================================================
Worker process is ready to serve import requests
Launched and connected shader compiler UnityShaderCompiler.exe after 0.05 seconds
Refreshing native plugins compatible for Editor in 0.22 ms, found 0 plugins.
Preloading 0 native plugins for Editor in 0.00 ms.
Unloading 1078 Unused Serialized files (Serialized files now loaded: 0)
System memory in use before: 56.3 MB.
System memory in use after: 56.3 MB.

Unloading 9 unused Assets to reduce memory usage. Loaded Objects now: 1520.
Total: 2.633500 ms (FindLiveObjects: 0.247600 ms CreateObjectMapping: 0.068900 ms MarkObjects: 2.220700 ms  DeleteObjects: 0.093400 ms)

========================================================================
Received Import Request.
  path: Assets/Scenes
  artifactKey: Guid(6ff578cdcb15f794eb93f71649d63be2) Importer(815301076,1909f56bfc062723c751e8b465ee728b)
Start importing Assets/Scenes using Guid(6ff578cdcb15f794eb93f71649d63be2) Importer(815301076,1909f56bfc062723c751e8b465ee728b)  -> (artifact id: 'c3233da8315bf910a71b63edbb91b28f') in 0.014097 seconds
  Import took 0.016696 seconds .

========================================================================
Received Import Request.
  Time since last request: 0.011375 seconds.
  path: Assets/Materials/Green_Light.mat
  artifactKey: Guid(7eae1f1bab3b9b14890174ba2defe3cb) Importer(815301076,1909f56bfc062723c751e8b465ee728b)
Start importing Assets/Materials/Green_Light.mat using Guid(7eae1f1bab3b9b14890174ba2defe3cb) Importer(815301076,1909f56bfc062723c751e8b465ee728b)  -> (artifact id: '4fb51d49cd8d206f1efabfcdd2d9659f') in 0.246120 seconds
  Import took 0.248236 seconds .

========================================================================
Received Import Request.
  Time since last request: 0.014971 seconds.
  path: Assets/Scripts/PlayerController.cs
  artifactKey: Guid(19326ad329a024b4791f2cb18049b811) Importer(815301076,1909f56bfc062723c751e8b465ee728b)
Start importing Assets/Scripts/PlayerController.cs using Guid(19326ad329a024b4791f2cb18049b811) Importer(815301076,1909f56bfc062723c751e8b465ee728b)  -> (artifact id: 'a1fc7abe535b0ce0529972d8cf393fe1') in 0.015760 seconds
  Import took 0.017902 seconds .

========================================================================
Received Import Request.
  Time since last request: 0.010287 seconds.
  path: Assets/Materials/Green_Dark.mat
  artifactKey: Guid(d0dfe381f3f0dfb448d07b03611ffc7c) Importer(815301076,1909f56bfc062723c751e8b465ee728b)
Start importing Assets/Materials/Green_Dark.mat using Guid(d0dfe381f3f0dfb448d07b03611ffc7c) Importer(815301076,1909f56bfc062723c751e8b465ee728b)  -> (artifact id: '0d3926c73b31f6abe946af2ad605edf6') in 0.023430 seconds
  Import took 0.025584 seconds .

========================================================================
Received Import Request.
  Time since last request: 0.016057 seconds.
  path: Assets/Materials/Purple.mat
  artifactKey: Guid(9d10c43181df86d4984ff7c1be46a4da) Importer(815301076,1909f56bfc062723c751e8b465ee728b)
Start importing Assets/Materials/Purple.mat using Guid(9d10c43181df86d4984ff7c1be46a4da) Importer(815301076,1909f56bfc062723c751e8b465ee728b)  -> (artifact id: 'a802dc365024450c02d6899a447cbafd') in 0.022137 seconds
  Import took 0.024428 seconds .

========================================================================
Received Import Request.
  Time since last request: 0.016392 seconds.
  path: Assets/Materials/Red_Dark.mat
  artifactKey: Guid(32bf3aff92bf5a342be929ef8d8e13b7) Importer(815301076,1909f56bfc062723c751e8b465ee728b)
Start importing Assets/Materials/Red_Dark.mat using Guid(32bf3aff92bf5a342be929ef8d8e13b7) Importer(815301076,1909f56bfc062723c751e8b465ee728b)  -> (artifact id: '63ccb976774e0ef08d2943640edff759') in 0.021347 seconds
  Import took 0.023599 seconds .

========================================================================
Received Import Request.
  Time since last request: 0.015427 seconds.
  path: Assets/Scripts
  artifactKey: Guid(cb9835deb62a6aa4b88475efc193ad2e) Importer(815301076,1909f56bfc062723c751e8b465ee728b)
Start importing Assets/Scripts using Guid(cb9835deb62a6aa4b88475efc193ad2e) Importer(815301076,1909f56bfc062723c751e8b465ee728b)  -> (artifact id: '4bd9af3f0fbd8d7a410dba763a0bffce') in 0.009190 seconds
  Import took 0.011137 seconds .

========================================================================
Received Import Request.
  Time since last request: 0.010533 seconds.
  path: Assets/Materials/Blue.mat
  artifactKey: Guid(6f86227f89c0a384485b5ce2c658d977) Importer(815301076,1909f56bfc062723c751e8b465ee728b)
Start importing Assets/Materials/Blue.mat using Guid(6f86227f89c0a384485b5ce2c658d977) Importer(815301076,1909f56bfc062723c751e8b465ee728b)  -> (artifact id: 'ea011d2f2bd4f1e168a30235a2c67d6f') in 0.023738 seconds
  Import took 0.025927 seconds .

========================================================================
Received Import Request.
  Time since last request: 0.014867 seconds.
  path: Assets/Materials
  artifactKey: Guid(397595d66239bd040bdbba8ea57f7eba) Importer(815301076,1909f56bfc062723c751e8b465ee728b)
Start importing Assets/Materials using Guid(397595d66239bd040bdbba8ea57f7eba) Importer(815301076,1909f56bfc062723c751e8b465ee728b)  -> (artifact id: '6adc7a3119d1d0ae092cc8b10e8131a6') in 0.008845 seconds
  Import took 0.011005 seconds .

========================================================================
Received Import Request.
  Time since last request: 0.010259 seconds.
  path: Assets/Materials/Red.mat
  artifactKey: Guid(835aec0e6c8c39d4d8d638250c35a9c1) Importer(815301076,1909f56bfc062723c751e8b465ee728b)
Start importing Assets/Materials/Red.mat using Guid(835aec0e6c8c39d4d8d638250c35a9c1) Importer(815301076,1909f56bfc062723c751e8b465ee728b)  -> (artifact id: 'ac7e62bad0fba1d8349443f39517464e') in 0.021959 seconds
  Import took 0.024905 seconds .

========================================================================
Received Import Request.
  Time since last request: 0.015300 seconds.
  path: Assets/Materials/Red_Light.mat
  artifactKey: Guid(241d4c5725844fc45b03022c01c1ca79) Importer(815301076,1909f56bfc062723c751e8b465ee728b)
Start importing Assets/Materials/Red_Light.mat using Guid(241d4c5725844fc45b03022c01c1ca79) Importer(815301076,1909f56bfc062723c751e8b465ee728b)  -> (artifact id: 'b87ae4bc3d8c9b17a2bf92b00e6c7486') in 0.022285 seconds
  Import took 0.024325 seconds .

========================================================================
Received Import Request.
  Time since last request: 0.016001 seconds.
  path: Assets/Scenes/My Game.unity
  artifactKey: Guid(9fc0d4010bbf28b4594072e72b8655ab) Importer(815301076,1909f56bfc062723c751e8b465ee728b)
Start importing Assets/Scenes/My Game.unity using Guid(9fc0d4010bbf28b4594072e72b8655ab) Importer(815301076,1909f56bfc062723c751e8b465ee728b)  -> (artifact id: '8ddd2360d69321595af773bebf25dc46') in 0.010240 seconds
  Import took 0.012187 seconds .

========================================================================
Received Import Request.
  Time since last request: 0.010571 seconds.
  path: Assets/Scripts/CamerFollow.cs
  artifactKey: Guid(5f26a80e6a0cd524197760b7a2d6d508) Importer(815301076,1909f56bfc062723c751e8b465ee728b)
Start importing Assets/Scripts/CamerFollow.cs using Guid(5f26a80e6a0cd524197760b7a2d6d508) Importer(815301076,1909f56bfc062723c751e8b465ee728b)  -> (artifact id: '9a3cdbf10b6ad36840e13c5518c810f0') in 0.009320 seconds
  Import took 0.011660 seconds .

========================================================================
Received Import Request.
  Time since last request: 135.010740 seconds.
  path: Assets/Scripts/SpawnManager.cs
  artifactKey: Guid(7340ee11b38baae43be3fadaea1cf72d) Importer(815301076,1909f56bfc062723c751e8b465ee728b)
Start importing Assets/Scripts/SpawnManager.cs using Guid(7340ee11b38baae43be3fadaea1cf72d) Importer(815301076,1909f56bfc062723c751e8b465ee728b)  -> (artifact id: '97b551d26ad81b976991918a523e82f7') in 0.013102 seconds
  Import took 0.015682 seconds .

========================================================================
Received Import Request.
  Time since last request: 0.001552 seconds.
  path: Assets/Scripts/SpawnManager.cs
  artifactKey: Guid(7340ee11b38baae43be3fadaea1cf72d) Importer(815301076,1909f56bfc062723c751e8b465ee728b)
Start importing Assets/Scripts/SpawnManager.cs using Guid(7340ee11b38baae43be3fadaea1cf72d) Importer(815301076,1909f56bfc062723c751e8b465ee728b)  -> (artifact id: '97b551d26ad81b976991918a523e82f7') in 0.005739 seconds
  Import took 0.009043 seconds .

========================================================================
Received Prepare
Registering precompiled user dll's ...
Registered in 0.000857 seconds.
Begin MonoManager ReloadAssembly
Native extension for WindowsStandalone target not found
Refreshing native plugins compatible for Editor in 0.22 ms, found 0 plugins.
Preloading 0 native plugins for Editor in 0.00 ms.
Invoked RoslynAnalysisRunner static constructor.
RoslynAnalysisRunner will not be running.
RoslynAnalysisRunner has terminated.
Mono: successfully reloaded assembly
- Completed reload, in  0.917 seconds
Platform modules already initialized, skipping
Refreshing native plugins compatible for Editor in 0.24 ms, found 0 plugins.
Preloading 0 native plugins for Editor in 0.00 ms.
Unloading 1074 Unused Serialized files (Serialized files now loaded: 0)
System memory in use before: 59.6 MB.
System memory in use after: 59.7 MB.

Unloading 4 unused Assets to reduce memory usage. Loaded Objects now: 1563.
Total: 1.833800 ms (FindLiveObjects: 0.172300 ms CreateObjectMapping: 0.034800 ms MarkObjects: 1.605500 ms  DeleteObjects: 0.019700 ms)

AssetImportWorkerClient::OnTransportError - code=2 error=End of file
